This is pdfTeX, Version 3.141592653-2.6-1.40.29 (TeX Live 2026) (preloaded format=pdflatex 2026.3.1)  14 APR 2026 15:50
entering extended mode
 restricted \write18 enabled.
 file:line:error style messages enabled.
 %&-line parsing enabled.
**comp.tex
(./comp.tex
LaTeX2e <2025-11-01>
L3 programming layer <2026-01-19>
(/usr/local/texlive/2026/texmf-dist/tex/latex/base/article.cls
Document Class: article 2025/01/22 v1.4n Standard LaTeX document class
(/usr/local/texlive/2026/texmf-dist/tex/latex/base/size10.clo
File: size10.clo 2025/01/22 v1.4n Standard LaTeX file (size option)
)
\c@part=\count275
\c@section=\count276
\c@subsection=\count277
\c@subsubsection=\count278
\c@paragraph=\count279
\c@subparagraph=\count280
\c@figure=\count281
\c@table=\count282
\abovecaptionskip=\skip49
\belowcaptionskip=\skip50
\bibindent=\dimen148
) (/usr/local/texlive/2026/texmf-dist/tex/latex/graphics/graphicx.sty
Package: graphicx 2024/12/31 v1.2e Enhanced LaTeX Graphics (DPC,SPQR)
 (/usr/local/texlive/2026/texmf-dist/tex/latex/graphics/keyval.sty
Package: keyval 2022/05/29 v1.15 key=value parser (DPC)
\KV@toks@=\toks17
) (/usr/local/texlive/2026/texmf-dist/tex/latex/graphics/graphics.sty
Package: graphics 2024/08/06 v1.4g Standard LaTeX Graphics (DPC,SPQR)
 (/usr/local/texlive/2026/texmf-dist/tex/latex/graphics/trig.sty
Package: trig 2023/12/02 v1.11 sin cos tan (DPC)
) (/usr/local/texlive/2026/texmf-dist/tex/latex/graphics-cfg/graphics.cfg
File: graphics.cfg 2016/06/04 v1.11 sample graphics configuration
)
Package graphics Info: Driver file: pdftex.def on input line 106.
 (/usr/local/texlive/2026/texmf-dist/tex/latex/graphics-def/pdftex.def
File: pdftex.def 2025/09/29 v1.2d Graphics/color driver for pdftex
))
\Gin@req@height=\dimen149
\Gin@req@width=\dimen150
) (/usr/local/texlive/2026/texmf-dist/tex/latex/l3backend/l3backend-pdftex.def
File: l3backend-pdftex.def 2025-10-09 L3 backend support: PDF output (pdfTeX)
\l__color_backend_stack_int=\count283
) (./comp.aux)
\openout1 = `comp.aux'.

LaTeX Font Info:    Checking defaults for OML/cmm/m/it on input line 3.
LaTeX Font Info:    ... okay on input line 3.
LaTeX Font Info:    Checking defaults for OMS/cmsy/m/n on input line 3.
LaTeX Font Info:    ... okay on input line 3.
LaTeX Font Info:    Checking defaults for OT1/cmr/m/n on input line 3.
LaTeX Font Info:    ... okay on input line 3.
LaTeX Font Info:    Checking defaults for T1/cmr/m/n on input line 3.
LaTeX Font Info:    ... okay on input line 3.
LaTeX Font Info:    Checking defaults for TS1/cmr/m/n on input line 3.
LaTeX Font Info:    ... okay on input line 3.
LaTeX Font Info:    Checking defaults for OMX/cmex/m/n on input line 3.
LaTeX Font Info:    ... okay on input line 3.
LaTeX Font Info:    Checking defaults for U/cmr/m/n on input line 3.
LaTeX Font Info:    ... okay on input line 3.
 (/usr/local/texlive/2026/texmf-dist/tex/context/base/mkii/supp-pdf.mkii
[Loading MPS to PDF converter (version 2006.09.02).]
\scratchcounter=\count284
\scratchdimen=\dimen151
\scratchbox=\box53
\nofMPsegments=\count285
\nofMParguments=\count286
\everyMPshowfont=\toks18
\MPscratchCnt=\count287
\MPscratchDim=\dimen152
\MPnumerator=\count288
\makeMPintoPDFobject=\count289
\everyMPtoPDFconversion=\toks19
) (/usr/local/texlive/2026/texmf-dist/tex/latex/epstopdf-pkg/epstopdf-base.sty
Package: epstopdf-base 2020-01-24 v2.11 Base part for package epstopdf
Package epstopdf-base Info: Redefining graphics rule for `.eps' on input line 485.
 (/usr/local/texlive/2026/texmf-dist/tex/latex/latexconfig/epstopdf-sys.cfg
File: epstopdf-sys.cfg 2010/07/13 v1.3 Configuration of (r)epstopdf for TeX Live
))
<../fixed_mean_choice_prob_product_1.pdf, id=1, 570.11058pt x 294.765pt>
File: ../fixed_mean_choice_prob_product_1.pdf Graphic file (type pdf)
<use ../fixed_mean_choice_prob_product_1.pdf>
Package pdftex.def Info: ../fixed_mean_choice_prob_product_1.pdf  used on input line 9.
(pdftex.def)             Requested size: 345.0pt x 178.38058pt.
<../../Code/prior_mean_choice_prob_product_1.pdf, id=2, 570.11058pt x 294.765pt>
File: ../../Code/prior_mean_choice_prob_product_1.pdf Graphic file (type pdf)
<use ../../Code/prior_mean_choice_prob_product_1.pdf>
Package pdftex.def Info: ../../Code/prior_mean_choice_prob_product_1.pdf  used on input line 10.
(pdftex.def)             Requested size: 345.0pt x 178.38058pt.
<../fixed_mean_choice_prob_product_2.pdf, id=3, 570.14127pt x 294.765pt>
File: ../fixed_mean_choice_prob_product_2.pdf Graphic file (type pdf)
<use ../fixed_mean_choice_prob_product_2.pdf>
Package pdftex.def Info: ../fixed_mean_choice_prob_product_2.pdf  used on input line 12.
(pdftex.def)             Requested size: 345.0pt x 178.3671pt.
<../../Code/prior_mean_choice_prob_product_2.pdf, id=4, 570.14127pt x 294.765pt>
File: ../../Code/prior_mean_choice_prob_product_2.pdf Graphic file (type pdf)
<use ../../Code/prior_mean_choice_prob_product_2.pdf>
Package pdftex.def Info: ../../Code/prior_mean_choice_prob_product_2.pdf  used on input line 13.
(pdftex.def)             Requested size: 345.0pt x 178.3671pt.
<../fixed_mean_choice_prob_product_3.pdf, id=5, 570.14127pt x 294.765pt>
File: ../fixed_mean_choice_prob_product_3.pdf Graphic file (type pdf)
<use ../fixed_mean_choice_prob_product_3.pdf>
Package pdftex.def Info: ../fixed_mean_choice_prob_product_3.pdf  used on input line 14.
(pdftex.def)             Requested size: 345.0pt x 178.3671pt.
<../../Code/prior_mean_choice_prob_product_3.pdf, id=6, 570.14127pt x 294.765pt>
File: ../../Code/prior_mean_choice_prob_product_3.pdf Graphic file (type pdf)
<use ../../Code/prior_mean_choice_prob_product_3.pdf>
Package pdftex.def Info: ../../Code/prior_mean_choice_prob_product_3.pdf  used on input line 15.
(pdftex.def)             Requested size: 345.0pt x 178.3671pt.
<../fixed_mean_choice_prob_product_4.pdf, id=7, 570.14127pt x 294.765pt>
File: ../fixed_mean_choice_prob_product_4.pdf Graphic file (type pdf)
<use ../fixed_mean_choice_prob_product_4.pdf>
Package pdftex.def Info: ../fixed_mean_choice_prob_product_4.pdf  used on input line 16.
(pdftex.def)             Requested size: 345.0pt x 178.3671pt.
<../../Code/prior_mean_choice_prob_product_4.pdf, id=8, 570.1865pt x 294.765pt>
File: ../../Code/prior_mean_choice_prob_product_4.pdf Graphic file (type pdf)
<use ../../Code/prior_mean_choice_prob_product_4.pdf>
Package pdftex.def Info: ../../Code/prior_mean_choice_prob_product_4.pdf  used on input line 17.
(pdftex.def)             Requested size: 345.0pt x 178.35811pt.
<../fixed_mean_choice_prob_product_5.pdf, id=9, 570.14127pt x 294.765pt>
File: ../fixed_mean_choice_prob_product_5.pdf Graphic file (type pdf)
<use ../fixed_mean_choice_prob_product_5.pdf>
Package pdftex.def Info: ../fixed_mean_choice_prob_product_5.pdf  used on input line 18.
(pdftex.def)             Requested size: 345.0pt x 178.3671pt.
<../../Code/prior_mean_choice_prob_product_5.pdf, id=10, 570.14127pt x 294.765pt>
File: ../../Code/prior_mean_choice_prob_product_5.pdf Graphic file (type pdf)
<use ../../Code/prior_mean_choice_prob_product_5.pdf>
Package pdftex.def Info: ../../Code/prior_mean_choice_prob_product_5.pdf  used on input line 19.
(pdftex.def)             Requested size: 345.0pt x 178.3671pt.
 [1

{/usr/local/texlive/2026/texmf-var/fonts/map/pdftex/updmap/pdftex.map} <../fixed_mean_choice_prob_product_1.pdf> <../../Code/prior_mean_choice_prob_product_1.pdf>] [2 <../fixed_mean_choice_prob_product_2.pdf> <../../Code/prior_mean_choice_prob_product_2.pdf> <../fixed_mean_choice_prob_product_3.pdf>] [3 <../../Code/prior_mean_choice_prob_product_3.pdf> <../fixed_mean_choice_prob_product_4.pdf> <../../Code/prior_mean_choice_prob_product_4.pdf>] [4 <../fixed_mean_choice_prob_product_5.pdf> <../../Code/prior_mean_choice_prob_product_5.pdf>] (./comp.aux)
 ***********
LaTeX2e <2025-11-01>
L3 programming layer <2026-01-19>
 ***********
 ) 
Here is how much of TeX's memory you used:
 1337 strings out of 467525
 24344 string characters out of 5418983
 435756 words of memory out of 5000000
 30295 multiletter control sequences out of 15000+600000
 627721 words of font info for 40 fonts, out of 8000000 for 9000
 1141 hyphenation exceptions out of 8191
 57i,5n,65p,197b,203s stack positions out of 10000i,1000n,20000p,200000b,200000s
</usr/local/texlive/2026/texmf-dist/fonts/type1/public/amsfonts/cm/cmr10.pfb>
Output written on comp.pdf (4 pages, 152940 bytes).
PDF statistics:
 457 PDF objects out of 1000 (max. 8388607)
 63 compressed objects within 1 object stream
 0 named destinations out of 1000 (max. 500000)
 51 words of extra memory for PDF output out of 10000 (max. 10000000)

