This is pdfTeX, Version 3.141592653-2.6-1.40.29 (TeX Live 2026) (preloaded format=pdflatex 2026.3.1)  7 MAY 2026 16:46
entering extended mode
 restricted \write18 enabled.
 file:line:error style messages enabled.
 %&-line parsing enabled.
**Prog_Report.tex
(./Prog_Report.tex
LaTeX2e <2025-11-01>
L3 programming layer <2026-01-19>
(/usr/local/texlive/2026/texmf-dist/tex/latex/base/article.cls
Document Class: article 2025/01/22 v1.4n Standard LaTeX document class
(/usr/local/texlive/2026/texmf-dist/tex/latex/base/size10.clo
File: size10.clo 2025/01/22 v1.4n Standard LaTeX file (size option)
)
\c@part=\count275
\c@section=\count276
\c@subsection=\count277
\c@subsubsection=\count278
\c@paragraph=\count279
\c@subparagraph=\count280
\c@figure=\count281
\c@table=\count282
\abovecaptionskip=\skip49
\belowcaptionskip=\skip50
\bibindent=\dimen148
) (/usr/local/texlive/2026/texmf-dist/tex/latex/graphics/graphicx.sty
Package: graphicx 2024/12/31 v1.2e Enhanced LaTeX Graphics (DPC,SPQR)
 (/usr/local/texlive/2026/texmf-dist/tex/latex/graphics/keyval.sty
Package: keyval 2022/05/29 v1.15 key=value parser (DPC)
\KV@toks@=\toks17
) (/usr/local/texlive/2026/texmf-dist/tex/latex/graphics/graphics.sty
Package: graphics 2024/08/06 v1.4g Standard LaTeX Graphics (DPC,SPQR)
 (/usr/local/texlive/2026/texmf-dist/tex/latex/graphics/trig.sty
Package: trig 2023/12/02 v1.11 sin cos tan (DPC)
) (/usr/local/texlive/2026/texmf-dist/tex/latex/graphics-cfg/graphics.cfg
File: graphics.cfg 2016/06/04 v1.11 sample graphics configuration
)
Package graphics Info: Driver file: pdftex.def on input line 106.
 (/usr/local/texlive/2026/texmf-dist/tex/latex/graphics-def/pdftex.def
File: pdftex.def 2025/09/29 v1.2d Graphics/color driver for pdftex
))
\Gin@req@height=\dimen149
\Gin@req@width=\dimen150
) (/usr/local/texlive/2026/texmf-dist/tex/latex/amsmath/amsmath.sty
Package: amsmath 2025/07/09 v2.17z AMS math features
\@mathmargin=\skip51

For additional information on amsmath, use the `?' option.
(/usr/local/texlive/2026/texmf-dist/tex/latex/amsmath/amstext.sty
Package: amstext 2024/11/17 v2.01 AMS text
 (/usr/local/texlive/2026/texmf-dist/tex/latex/amsmath/amsgen.sty
File: amsgen.sty 1999/11/30 v2.0 generic functions
\@emptytoks=\toks18
\ex@=\dimen151
)) (/usr/local/texlive/2026/texmf-dist/tex/latex/amsmath/amsbsy.sty
Package: amsbsy 1999/11/29 v1.2d Bold Symbols
\pmbraise@=\dimen152
) (/usr/local/texlive/2026/texmf-dist/tex/latex/amsmath/amsopn.sty
Package: amsopn 2022/04/08 v2.04 operator names
)
\inf@bad=\count283
LaTeX Info: Redefining \frac on input line 233.
\uproot@=\count284
\leftroot@=\count285
LaTeX Info: Redefining \overline on input line 398.
LaTeX Info: Redefining \colon on input line 409.
\classnum@=\count286
\DOTSCASE@=\count287
LaTeX Info: Redefining \ldots on input line 495.
LaTeX Info: Redefining \dots on input line 498.
LaTeX Info: Redefining \cdots on input line 619.
\Mathstrutbox@=\box53
\strutbox@=\box54
LaTeX Info: Redefining \big on input line 721.
LaTeX Info: Redefining \Big on input line 722.
LaTeX Info: Redefining \bigg on input line 723.
LaTeX Info: Redefining \Bigg on input line 724.
\big@size=\dimen153
LaTeX Font Info:    Redeclaring font encoding OML on input line 742.
LaTeX Font Info:    Redeclaring font encoding OMS on input line 743.
\macc@depth=\count288
LaTeX Info: Redefining \bmod on input line 904.
LaTeX Info: Redefining \pmod on input line 909.
LaTeX Info: Redefining \smash on input line 939.
LaTeX Info: Redefining \relbar on input line 969.
LaTeX Info: Redefining \Relbar on input line 970.
\c@MaxMatrixCols=\count289
\dotsspace@=\muskip17
\c@parentequation=\count290
\dspbrk@lvl=\count291
\tag@help=\toks19
\row@=\count292
\column@=\count293
\maxfields@=\count294
\andhelp@=\toks20
\eqnshift@=\dimen154
\alignsep@=\dimen155
\tagshift@=\dimen156
\tagwidth@=\dimen157
\totwidth@=\dimen158
\lineht@=\dimen159
\@envbody=\toks21
\multlinegap=\skip52
\multlinetaggap=\skip53
\mathdisplay@stack=\toks22
LaTeX Info: Redefining \[ on input line 2950.
LaTeX Info: Redefining \] on input line 2951.
) (/usr/local/texlive/2026/texmf-dist/tex/latex/pgf/utilities/pgffor.sty (/usr/local/texlive/2026/texmf-dist/tex/latex/pgf/utilities/pgfrcs.sty (/usr/local/texlive/2026/texmf-dist/tex/generic/pgf/utilities/pgfutil-common.tex
\pgfutil@everybye=\toks23
\pgfutil@tempdima=\dimen160
\pgfutil@tempdimb=\dimen161
) (/usr/local/texlive/2026/texmf-dist/tex/generic/pgf/utilities/pgfutil-latex.def
\pgfutil@abb=\box55
) (/usr/local/texlive/2026/texmf-dist/tex/generic/pgf/utilities/pgfrcs.code.tex (/usr/local/texlive/2026/texmf-dist/tex/generic/pgf/pgf.revision.tex)
Package: pgfrcs 2025-08-29 v3.1.11a (3.1.11a)
)) (/usr/local/texlive/2026/texmf-dist/tex/latex/pgf/utilities/pgfkeys.sty (/usr/local/texlive/2026/texmf-dist/tex/generic/pgf/utilities/pgfkeys.code.tex
\pgfkeys@pathtoks=\toks24
\pgfkeys@temptoks=\toks25
 (/usr/local/texlive/2026/texmf-dist/tex/generic/pgf/utilities/pgfkeyslibraryfiltered.code.tex
\pgfkeys@tmptoks=\toks26
))) (/usr/local/texlive/2026/texmf-dist/tex/latex/pgf/math/pgfmath.sty (/usr/local/texlive/2026/texmf-dist/tex/generic/pgf/math/pgfmath.code.tex (/usr/local/texlive/2026/texmf-dist/tex/generic/pgf/math/pgfmathutil.code.tex
\pgf@x=\dimen162
\pgf@xa=\dimen163
\pgf@xb=\dimen164
\pgf@xc=\dimen165
\pgf@y=\dimen166
\pgf@ya=\dimen167
\pgf@yb=\dimen168
\pgf@yc=\dimen169
\c@pgf@counta=\count295
\c@pgf@countb=\count296
\c@pgf@countc=\count297
\c@pgf@countd=\count298
) (/usr/local/texlive/2026/texmf-dist/tex/generic/pgf/math/pgfmathparser.code.tex
\pgfmath@dimen=\dimen170
\pgfmath@count=\count299
\pgfmath@box=\box56
\pgfmath@toks=\toks27
\pgfmath@stack@operand=\toks28
\pgfmath@stack@operation=\toks29
) (/usr/local/texlive/2026/texmf-dist/tex/generic/pgf/math/pgfmathfunctions.code.tex) (/usr/local/texlive/2026/texmf-dist/tex/generic/pgf/math/pgfmathfunctions.basic.code.tex) (/usr/local/texlive/2026/texmf-dist/tex/generic/pgf/math/pgfmathfunctions.trigonometric.code.tex) (/usr/local/texlive/2026/texmf-dist/tex/generic/pgf/math/pgfmathfunctions.random.code.tex) (/usr/local/texlive/2026/texmf-dist/tex/generic/pgf/math/pgfmathfunctions.comparison.code.tex) (/usr/local/texlive/2026/texmf-dist/tex/generic/pgf/math/pgfmathfunctions.base.code.tex) (/usr/local/texlive/2026/texmf-dist/tex/generic/pgf/math/pgfmathfunctions.round.code.tex) (/usr/local/texlive/2026/texmf-dist/tex/generic/pgf/math/pgfmathfunctions.misc.code.tex)
(/usr/local/texlive/2026/texmf-dist/tex/generic/pgf/math/pgfmathfunctions.integerarithmetics.code.tex) (/usr/local/texlive/2026/texmf-dist/tex/generic/pgf/math/pgfmathcalc.code.tex) (/usr/local/texlive/2026/texmf-dist/tex/generic/pgf/math/pgfmathfloat.code.tex
\c@pgfmathroundto@lastzeros=\count300
))) (/usr/local/texlive/2026/texmf-dist/tex/generic/pgf/utilities/pgffor.code.tex
Package: pgffor 2025-08-29 v3.1.11a (3.1.11a)
\pgffor@iter=\dimen171
\pgffor@skip=\dimen172
\pgffor@stack=\toks30
\pgffor@toks=\toks31
)) (/usr/local/texlive/2026/texmf-dist/tex/latex/booktabs/booktabs.sty
Package: booktabs 2020/01/12 v1.61803398 Publication quality tables
\heavyrulewidth=\dimen173
\lightrulewidth=\dimen174
\cmidrulewidth=\dimen175
\belowrulesep=\dimen176
\belowbottomsep=\dimen177
\aboverulesep=\dimen178
\abovetopsep=\dimen179
\cmidrulesep=\dimen180
\cmidrulekern=\dimen181
\defaultaddspace=\dimen182
\@cmidla=\count301
\@cmidlb=\count302
\@aboverulesep=\dimen183
\@belowrulesep=\dimen184
\@thisruleclass=\count303
\@lastruleclass=\count304
\@thisrulewidth=\dimen185
) (/usr/local/texlive/2026/texmf-dist/tex/latex/float/float.sty
Package: float 2001/11/08 v1.3d Float enhancements (AL)
\c@float@type=\count305
\float@exts=\toks32
\float@box=\box57
\@float@everytoks=\toks33
\@floatcapt=\box58
) (/usr/local/texlive/2026/texmf-dist/tex/latex/tools/longtable.sty
Package: longtable 2025-10-13 v4.24 Multi-page Table package (DPC)
\LTleft=\skip54
\LTright=\skip55
\LTpre=\skip56
\LTpost=\skip57
\LTchunksize=\count306
\LTcapwidth=\dimen186
\LT@head=\box59
\LT@firsthead=\box60
\LT@foot=\box61
\LT@lastfoot=\box62
\LT@gbox=\box63
\LT@cols=\count307
\LT@rows=\count308
\c@LT@tables=\count309
\c@LT@chunks=\count310
\LT@p@ftn=\toks34
) (/usr/local/texlive/2026/texmf-dist/tex/latex/l3backend/l3backend-pdftex.def
File: l3backend-pdftex.def 2025-10-09 L3 backend support: PDF output (pdfTeX)
\l__color_backend_stack_int=\count311
) (./Prog_Report.aux)
\openout1 = `Prog_Report.aux'.

LaTeX Font Info:    Checking defaults for OML/cmm/m/it on input line 8.
LaTeX Font Info:    ... okay on input line 8.
LaTeX Font Info:    Checking defaults for OMS/cmsy/m/n on input line 8.
LaTeX Font Info:    ... okay on input line 8.
LaTeX Font Info:    Checking defaults for OT1/cmr/m/n on input line 8.
LaTeX Font Info:    ... okay on input line 8.
LaTeX Font Info:    Checking defaults for T1/cmr/m/n on input line 8.
LaTeX Font Info:    ... okay on input line 8.
LaTeX Font Info:    Checking defaults for TS1/cmr/m/n on input line 8.
LaTeX Font Info:    ... okay on input line 8.
LaTeX Font Info:    Checking defaults for OMX/cmex/m/n on input line 8.
LaTeX Font Info:    ... okay on input line 8.
LaTeX Font Info:    Checking defaults for U/cmr/m/n on input line 8.
LaTeX Font Info:    ... okay on input line 8.
 (/usr/local/texlive/2026/texmf-dist/tex/context/base/mkii/supp-pdf.mkii
[Loading MPS to PDF converter (version 2006.09.02).]
\scratchcounter=\count312
\scratchdimen=\dimen187
\scratchbox=\box64
\nofMPsegments=\count313
\nofMParguments=\count314
\everyMPshowfont=\toks35
\MPscratchCnt=\count315
\MPscratchDim=\dimen188
\MPnumerator=\count316
\makeMPintoPDFobject=\count317
\everyMPtoPDFconversion=\toks36
) (/usr/local/texlive/2026/texmf-dist/tex/latex/epstopdf-pkg/epstopdf-base.sty
Package: epstopdf-base 2020-01-24 v2.11 Base part for package epstopdf
Package epstopdf-base Info: Redefining graphics rule for `.eps' on input line 485.
 (/usr/local/texlive/2026/texmf-dist/tex/latex/latexconfig/epstopdf-sys.cfg
File: epstopdf-sys.cfg 2010/07/13 v1.3 Configuration of (r)epstopdf for TeX Live
)) (../../Output/Tables/product_characteristics.tex) [1

{/usr/local/texlive/2026/texmf-var/fonts/map/pdftex/updmap/pdftex.map}{/usr/local/texlive/2026/texmf-dist/fonts/enc/dvips/cm-super/cm-super-ts1.enc}]
<../../Output/Plots/utility_gamma_0_beta_2_0.5.pdf, id=13, 722.7pt x 433.62pt>
File: ../../Output/Plots/utility_gamma_0_beta_2_0.5.pdf Graphic file (type pdf)
<use ../../Output/Plots/utility_gamma_0_beta_2_0.5.pdf>
Package pdftex.def Info: ../../Output/Plots/utility_gamma_0_beta_2_0.5.pdf  used on input line 48.
(pdftex.def)             Requested size: 276.00105pt x 165.59775pt.
<../../Output/Plots/utility_gamma_0_beta_0.5_2.pdf, id=14, 722.7pt x 433.62pt>
File: ../../Output/Plots/utility_gamma_0_beta_0.5_2.pdf Graphic file (type pdf)
<use ../../Output/Plots/utility_gamma_0_beta_0.5_2.pdf>
Package pdftex.def Info: ../../Output/Plots/utility_gamma_0_beta_0.5_2.pdf  used on input line 48.
(pdftex.def)             Requested size: 276.00105pt x 165.59775pt.
<../../Output/Plots/utility_gamma_0_beta_0.5_0.5.pdf, id=15, 722.7pt x 433.62pt>
File: ../../Output/Plots/utility_gamma_0_beta_0.5_0.5.pdf Graphic file (type pdf)
<use ../../Output/Plots/utility_gamma_0_beta_0.5_0.5.pdf>
Package pdftex.def Info: ../../Output/Plots/utility_gamma_0_beta_0.5_0.5.pdf  used on input line 48.
(pdftex.def)             Requested size: 276.00105pt x 165.59775pt.
<../../Output/Plots/utility_gamma_0_beta_2_2.pdf, id=16, 722.7pt x 433.62pt>
File: ../../Output/Plots/utility_gamma_0_beta_2_2.pdf Graphic file (type pdf)
<use ../../Output/Plots/utility_gamma_0_beta_2_2.pdf>
Package pdftex.def Info: ../../Output/Plots/utility_gamma_0_beta_2_2.pdf  used on input line 48.
(pdftex.def)             Requested size: 276.00105pt x 165.59775pt.
 [2 <../../Output/Plots/utility_gamma_0_beta_2_0.5.pdf> <../../Output/Plots/utility_gamma_0_beta_0.5_2.pdf>]
<../../Output/Plots/utility_gamma_6_beta_2_0.5.pdf, id=99, 722.7pt x 433.62pt>
File: ../../Output/Plots/utility_gamma_6_beta_2_0.5.pdf Graphic file (type pdf)
<use ../../Output/Plots/utility_gamma_6_beta_2_0.5.pdf>
Package pdftex.def Info: ../../Output/Plots/utility_gamma_6_beta_2_0.5.pdf  used on input line 48.
(pdftex.def)             Requested size: 276.00105pt x 165.59775pt.
<../../Output/Plots/utility_gamma_6_beta_0.5_2.pdf, id=100, 722.7pt x 433.62pt>
File: ../../Output/Plots/utility_gamma_6_beta_0.5_2.pdf Graphic file (type pdf)
<use ../../Output/Plots/utility_gamma_6_beta_0.5_2.pdf>
Package pdftex.def Info: ../../Output/Plots/utility_gamma_6_beta_0.5_2.pdf  used on input line 48.
(pdftex.def)             Requested size: 276.00105pt x 165.59775pt.
 [3 <../../Output/Plots/utility_gamma_0_beta_0.5_0.5.pdf> <../../Output/Plots/utility_gamma_0_beta_2_2.pdf>]
<../../Output/Plots/utility_gamma_6_beta_0.5_0.5.pdf, id=181, 722.7pt x 433.62pt>
File: ../../Output/Plots/utility_gamma_6_beta_0.5_0.5.pdf Graphic file (type pdf)
<use ../../Output/Plots/utility_gamma_6_beta_0.5_0.5.pdf>
Package pdftex.def Info: ../../Output/Plots/utility_gamma_6_beta_0.5_0.5.pdf  used on input line 48.
(pdftex.def)             Requested size: 276.00105pt x 165.59775pt.
<../../Output/Plots/utility_gamma_6_beta_2_2.pdf, id=182, 722.7pt x 433.62pt>
File: ../../Output/Plots/utility_gamma_6_beta_2_2.pdf Graphic file (type pdf)
<use ../../Output/Plots/utility_gamma_6_beta_2_2.pdf>
Package pdftex.def Info: ../../Output/Plots/utility_gamma_6_beta_2_2.pdf  used on input line 48.
(pdftex.def)             Requested size: 276.00105pt x 165.59775pt.
 [4 <../../Output/Plots/utility_gamma_6_beta_2_0.5.pdf> <../../Output/Plots/utility_gamma_6_beta_0.5_2.pdf>]
<../../Output/Plots/utility_gamma_9_beta_2_0.5.pdf, id=262, 722.7pt x 433.62pt>
File: ../../Output/Plots/utility_gamma_9_beta_2_0.5.pdf Graphic file (type pdf)
<use ../../Output/Plots/utility_gamma_9_beta_2_0.5.pdf>
Package pdftex.def Info: ../../Output/Plots/utility_gamma_9_beta_2_0.5.pdf  used on input line 48.
(pdftex.def)             Requested size: 276.00105pt x 165.59775pt.
<../../Output/Plots/utility_gamma_9_beta_0.5_2.pdf, id=263, 722.7pt x 433.62pt>
File: ../../Output/Plots/utility_gamma_9_beta_0.5_2.pdf Graphic file (type pdf)
<use ../../Output/Plots/utility_gamma_9_beta_0.5_2.pdf>
Package pdftex.def Info: ../../Output/Plots/utility_gamma_9_beta_0.5_2.pdf  used on input line 48.
(pdftex.def)             Requested size: 276.00105pt x 165.59775pt.
 [5 <../../Output/Plots/utility_gamma_6_beta_0.5_0.5.pdf> <../../Output/Plots/utility_gamma_6_beta_2_2.pdf>]
<../../Output/Plots/utility_gamma_9_beta_0.5_0.5.pdf, id=342, 722.7pt x 433.62pt>
File: ../../Output/Plots/utility_gamma_9_beta_0.5_0.5.pdf Graphic file (type pdf)
<use ../../Output/Plots/utility_gamma_9_beta_0.5_0.5.pdf>
Package pdftex.def Info: ../../Output/Plots/utility_gamma_9_beta_0.5_0.5.pdf  used on input line 48.
(pdftex.def)             Requested size: 276.00105pt x 165.59775pt.
<../../Output/Plots/utility_gamma_9_beta_2_2.pdf, id=343, 722.7pt x 433.62pt>
File: ../../Output/Plots/utility_gamma_9_beta_2_2.pdf Graphic file (type pdf)
<use ../../Output/Plots/utility_gamma_9_beta_2_2.pdf>
Package pdftex.def Info: ../../Output/Plots/utility_gamma_9_beta_2_2.pdf  used on input line 48.
(pdftex.def)             Requested size: 276.00105pt x 165.59775pt.
 [6 <../../Output/Plots/utility_gamma_9_beta_2_0.5.pdf> <../../Output/Plots/utility_gamma_9_beta_0.5_2.pdf>]
<../../Output/Plots/utility_gamma_12_beta_2_0.5.pdf, id=426, 722.7pt x 433.62pt>
File: ../../Output/Plots/utility_gamma_12_beta_2_0.5.pdf Graphic file (type pdf)
<use ../../Output/Plots/utility_gamma_12_beta_2_0.5.pdf>
Package pdftex.def Info: ../../Output/Plots/utility_gamma_12_beta_2_0.5.pdf  used on input line 48.
(pdftex.def)             Requested size: 276.00105pt x 165.59775pt.
<../../Output/Plots/utility_gamma_12_beta_0.5_2.pdf, id=427, 722.7pt x 433.62pt>
File: ../../Output/Plots/utility_gamma_12_beta_0.5_2.pdf Graphic file (type pdf)
<use ../../Output/Plots/utility_gamma_12_beta_0.5_2.pdf>
Package pdftex.def Info: ../../Output/Plots/utility_gamma_12_beta_0.5_2.pdf  used on input line 48.
(pdftex.def)             Requested size: 276.00105pt x 165.59775pt.
 [7 <../../Output/Plots/utility_gamma_9_beta_0.5_0.5.pdf> <../../Output/Plots/utility_gamma_9_beta_2_2.pdf>]
<../../Output/Plots/utility_gamma_12_beta_0.5_0.5.pdf, id=510, 722.7pt x 433.62pt>
File: ../../Output/Plots/utility_gamma_12_beta_0.5_0.5.pdf Graphic file (type pdf)
<use ../../Output/Plots/utility_gamma_12_beta_0.5_0.5.pdf>
Package pdftex.def Info: ../../Output/Plots/utility_gamma_12_beta_0.5_0.5.pdf  used on input line 48.
(pdftex.def)             Requested size: 276.00105pt x 165.59775pt.
<../../Output/Plots/utility_gamma_12_beta_2_2.pdf, id=511, 722.7pt x 433.62pt>
File: ../../Output/Plots/utility_gamma_12_beta_2_2.pdf Graphic file (type pdf)
<use ../../Output/Plots/utility_gamma_12_beta_2_2.pdf>
Package pdftex.def Info: ../../Output/Plots/utility_gamma_12_beta_2_2.pdf  used on input line 48.
(pdftex.def)             Requested size: 276.00105pt x 165.59775pt.
 [8 <../../Output/Plots/utility_gamma_12_beta_2_0.5.pdf> <../../Output/Plots/utility_gamma_12_beta_0.5_2.pdf>]
Overfull \hbox (3.08315pt too wide) in paragraph at lines 50--50
[]\OT1/cmr/bx/n/14.4 Regression Re-sults on Log Dif-fer-ence in Shares 
 []

(../../Output/Tables/regression_baseline_beta_2_0.5.tex
Overfull \hbox (14.3729pt too wide) in paragraph at lines 2--31
 [] 
 []

) (../../Output/Tables/regression_baseline_beta_0.5_2.tex
Overfull \hbox (14.3729pt too wide) in paragraph at lines 2--31
 [] 
 []

) (../../Output/Tables/regression_baseline_beta_0.5_0.5.tex
Overfull \hbox (14.3729pt too wide) in paragraph at lines 2--31
 [] 
 []

) (../../Output/Tables/regression_baseline_beta_2_2.tex
Overfull \hbox (14.3729pt too wide) in paragraph at lines 2--31
 [] 
 []

) (../../Output/Tables/regression_gamma_6_beta_2_0.5.tex
Overfull \hbox (14.3729pt too wide) in paragraph at lines 2--32
 [] 
 []

) (../../Output/Tables/regression_gamma_6_beta_0.5_2.tex
Overfull \hbox (14.3729pt too wide) in paragraph at lines 2--32
 [] 
 []

) (../../Output/Tables/regression_gamma_6_beta_0.5_0.5.tex
Overfull \hbox (14.3729pt too wide) in paragraph at lines 2--32
 [] 
 []

) (../../Output/Tables/regression_gamma_6_beta_2_2.tex
Overfull \hbox (14.3729pt too wide) in paragraph at lines 2--32
 [] 
 []

) (../../Output/Tables/regression_gamma_9_beta_2_0.5.tex) (../../Output/Tables/regression_gamma_9_beta_0.5_2.tex
Overfull \hbox (14.3729pt too wide) in paragraph at lines 2--32
 [] 
 []

) (../../Output/Tables/regression_gamma_9_beta_0.5_0.5.tex
Overfull \hbox (14.3729pt too wide) in paragraph at lines 2--32
 [] 
 []

) (../../Output/Tables/regression_gamma_9_beta_2_2.tex
Overfull \hbox (14.3729pt too wide) in paragraph at lines 2--32
 [] 
 []

) (../../Output/Tables/regression_gamma_12_beta_2_0.5.tex
Overfull \hbox (14.3729pt too wide) in paragraph at lines 2--32
 [] 
 []

) (../../Output/Tables/regression_gamma_12_beta_0.5_2.tex
Overfull \hbox (14.3729pt too wide) in paragraph at lines 2--32
 [] 
 []

) (../../Output/Tables/regression_gamma_12_beta_0.5_0.5.tex
Overfull \hbox (14.3729pt too wide) in paragraph at lines 2--32
 [] 
 []

) (../../Output/Tables/regression_gamma_12_beta_2_2.tex
Overfull \hbox (14.3729pt too wide) in paragraph at lines 2--32
 [] 
 []

) [9 <../../Output/Plots/utility_gamma_12_beta_0.5_0.5.pdf> <../../Output/Plots/utility_gamma_12_beta_2_2.pdf>] [10] [11] [12] [13] [14] [15] [16] [17] [18] [19] [20] [21] [22] [23] [24] [25] (./Prog_Report.aux)
 ***********
LaTeX2e <2025-11-01>
L3 programming layer <2026-01-19>
 ***********
 ) 
Here is how much of TeX's memory you used:
 7694 strings out of 467525
 156861 string characters out of 5418983
 609219 words of memory out of 5000000
 36487 multiletter control sequences out of 15000+600000
 629423 words of font info for 46 fonts, out of 8000000 for 9000
 1141 hyphenation exceptions out of 8191
 57i,10n,65p,597b,396s stack positions out of 10000i,1000n,20000p,200000b,200000s
</usr/local/texlive/2026/texmf-dist/fonts/type1/public/amsfonts/cm/cmbx10.pfb></usr/local/texlive/2026/texmf-dist/fonts/type1/public/amsfonts/cm/cmbx12.pfb></usr/local/texlive/2026/texmf-dist/fonts/type1/public/amsfonts/cm/cmex10.pfb></usr/local/texlive/2026/texmf-dist/fonts/type1/public/amsfonts/cm/cmmi10.pfb></usr/local/texlive/2026/texmf-dist/fonts/type1/public/amsfonts/cm/cmmi7.pfb></usr/local/texlive/2026/texmf-dist/fonts/type1/public/amsfonts/cm/cmr10.pfb></usr/local/texlive/2026/texmf-dist/fonts/type1/public/amsfonts/cm/cmr7.pfb></usr/local/texlive/2026/texmf-dist/fonts/type1/public/amsfonts/cm/cmsy10.pfb></usr/local/texlive/2026/texmf-dist/fonts/type1/public/cm-super/sfrm1000.pfb>
Output written on Prog_Report.pdf (25 pages, 369594 bytes).
PDF statistics:
 764 PDF objects out of 1000 (max. 8388607)
 165 compressed objects within 2 object streams
 0 named destinations out of 1000 (max. 500000)
 81 words of extra memory for PDF output out of 10000 (max. 10000000)

